  Ball.cpp
c:\users\kewe\source\repos\pong\pong\ball.h(76): warning C4244: "Argument": Konvertierung von "time_t" in "unsigned int", möglicher Datenverlust
c:\users\kewe\source\repos\pong\pong\ball.h(87): warning C4305: "=": Verkürzung von "double" in "float"
  GameState.cpp
c:\users\kewe\source\repos\pong\pong\ball.h(76): warning C4244: "Argument": Konvertierung von "time_t" in "unsigned int", möglicher Datenverlust
c:\users\kewe\source\repos\pong\pong\ball.h(87): warning C4305: "=": Verkürzung von "double" in "float"
c:\users\kewe\source\repos\pong\pong\gamestate.cpp(149): warning C4244: "Argument": Konvertierung von "time_t" in "unsigned int", möglicher Datenverlust
  Input.cpp
  c:\program files (x86)\windows kits\10\include\10.0.17134.0\um\dinput.h: DIRECTINPUT_VERSION undefined. Defaulting to version 0x0800
c:\users\kewe\source\repos\pong\pong\ball.h(76): warning C4244: "Argument": Konvertierung von "time_t" in "unsigned int", möglicher Datenverlust
c:\users\kewe\source\repos\pong\pong\ball.h(87): warning C4305: "=": Verkürzung von "double" in "float"
c:\users\kewe\source\repos\pong\pong\input.cpp(27): warning C4305: "+=": Verkürzung von "double" in "float"
c:\users\kewe\source\repos\pong\pong\input.cpp(31): warning C4305: "=": Verkürzung von "double" in "float"
c:\users\kewe\source\repos\pong\pong\input.cpp(37): warning C4305: "+=": Verkürzung von "double" in "float"
c:\users\kewe\source\repos\pong\pong\input.cpp(41): warning C4305: "=": Verkürzung von "double" in "float"
c:\users\kewe\source\repos\pong\pong\input.cpp(48): warning C4305: "+=": Verkürzung von "double" in "float"
c:\users\kewe\source\repos\pong\pong\input.cpp(52): warning C4305: "=": Verkürzung von "double" in "float"
c:\users\kewe\source\repos\pong\pong\input.cpp(58): warning C4305: "+=": Verkürzung von "double" in "float"
c:\users\kewe\source\repos\pong\pong\input.cpp(62): warning C4305: "=": Verkürzung von "double" in "float"
  Physics.cpp
c:\users\kewe\source\repos\pong\pong\ball.h(76): warning C4244: "Argument": Konvertierung von "time_t" in "unsigned int", möglicher Datenverlust
c:\users\kewe\source\repos\pong\pong\ball.h(87): warning C4305: "=": Verkürzung von "double" in "float"
  Renderer.cpp
c:\users\kewe\source\repos\pong\pong\ball.h(76): warning C4244: "Argument": Konvertierung von "time_t" in "unsigned int", möglicher Datenverlust
c:\users\kewe\source\repos\pong\pong\ball.h(87): warning C4305: "=": Verkürzung von "double" in "float"
  main.cpp
c:\users\kewe\source\repos\pong\pong\ball.h(76): warning C4244: "Argument": Konvertierung von "time_t" in "unsigned int", möglicher Datenverlust
c:\users\kewe\source\repos\pong\pong\ball.h(87): warning C4305: "=": Verkürzung von "double" in "float"
  c:\program files (x86)\windows kits\10\include\10.0.17134.0\um\dinput.h: DIRECTINPUT_VERSION undefined. Defaulting to version 0x0800
  Code wird generiert...
  Pong.vcxproj -> C:\Users\kewe\source\repos\Pong\Debug\Pong.exe
